mode: set
transaction-service/handler.go:9.37,12.16 3 1
transaction-service/handler.go:12.16,16.3 3 1
transaction-service/handler.go:17.2,21.24 3 1
transaction-service/handler.go:21.24,24.3 2 1
transaction-service/handler.go:26.2,27.16 2 1
transaction-service/handler.go:27.16,30.3 2 0
transaction-service/handler.go:31.2,31.55 1 1
transaction-service/handler.go:34.40,36.24 2 1
transaction-service/handler.go:36.24,39.3 2 0
transaction-service/handler.go:40.2,41.16 2 1
transaction-service/handler.go:41.16,44.3 2 0
transaction-service/handler.go:45.2,45.59 1 1
transaction-service/handler.go:48.44,50.31 2 1
transaction-service/handler.go:50.31,53.3 2 0
transaction-service/handler.go:54.2,55.16 2 1
transaction-service/handler.go:55.16,58.3 2 0
transaction-service/handler.go:59.2,59.28 1 1
transaction-service/handler.go:59.28,62.3 2 1
transaction-service/handler.go:63.2,63.38 1 1
transaction-service/handler.go:66.45,68.24 2 1
transaction-service/handler.go:68.24,71.3 2 0
transaction-service/handler.go:72.2,73.16 2 1
transaction-service/handler.go:73.16,76.3 2 0
transaction-service/handler.go:77.2,77.62 1 1
transaction-service/handler.go:81.34,84.16 3 1
transaction-service/handler.go:84.16,88.3 3 0
transaction-service/handler.go:89.2,89.55 1 1
transaction-service/logger.go:12.33,14.23 2 1
transaction-service/logger.go:14.23,16.3 1 1
transaction-service/logger.go:17.2,17.43 1 1
transaction-service/logger.go:17.43,19.3 1 1
transaction-service/logger.go:20.2,20.37 1 1
transaction-service/main.go:11.13,15.16 3 1
transaction-service/main.go:15.16,17.3 1 0
transaction-service/main.go:18.2,18.26 1 1
transaction-service/main.go:21.13,34.2 10 0
transaction-service/models.go:33.88,39.2 1 1
transaction-service/models.go:52.63,54.2 1 1
transaction-service/models.go:57.71,59.2 1 1
transaction-service/store.go:20.31,26.16 5 1
transaction-service/store.go:26.16,28.3 1 0
transaction-service/store.go:30.2,30.33 1 1
transaction-service/store.go:30.33,32.3 1 0
transaction-service/store.go:34.2,35.44 2 1
transaction-service/store.go:38.104,44.16 5 1
transaction-service/store.go:44.16,47.3 2 0
transaction-service/store.go:49.2,49.12 1 1
transaction-service/store.go:52.62,76.16 6 1
transaction-service/store.go:76.16,79.3 2 0
transaction-service/store.go:80.2,81.18 2 1
transaction-service/store.go:81.18,83.3 1 1
transaction-service/store.go:84.2,84.25 1 1
transaction-service/store.go:87.67,94.16 5 1
transaction-service/store.go:94.16,97.3 2 0
transaction-service/store.go:98.2,99.18 2 1
transaction-service/store.go:99.18,101.3 1 1
transaction-service/store.go:102.2,102.15 1 1
transaction-service/store.go:105.65,112.16 5 1
transaction-service/store.go:112.16,115.3 2 0
transaction-service/store.go:116.2,117.18 2 1
transaction-service/store.go:117.18,121.3 3 1
transaction-service/store.go:122.2,122.17 1 1
transaction-service/store.go:125.61,131.16 5 1
transaction-service/store.go:131.16,134.3 2 0
transaction-service/store.go:136.2,136.12 1 1
transaction-service/store.go:140.30,142.2 1 1
